<?xml version="1.0" encoding="UTF-8"?>
<testng-results ignored="0" total="5" passed="5" failed="0" skipped="0">
  <reporter-output>
  </reporter-output>
  <suite started-at="2022-08-29T11:27:00 WIB" name="Default suite" finished-at="2022-08-29T11:27:33 WIB" duration-ms="33574">
    <groups>
      <group name="cucumber">
        <method signature="AbstractTestNGCucumberTests.runScenario(io.cucumber.testng.PickleWrapper, io.cucumber.testng.FeatureWrapper)[pri:0, instance:runner.runnerMaster@2e55dd0c]" name="runScenario" class="io.cucumber.testng.AbstractTestNGCucumberTests"/>
      </group> <!-- cucumber -->
    </groups>
    <test started-at="2022-08-29T11:27:00 WIB" name="Default test" finished-at="2022-08-29T11:27:33 WIB" duration-ms="33574">
      <class name="runner.runnerMaster">
        <test-method is-config="true" signature="setUpClass()[pri:0, instance:runner.runnerMaster@2e55dd0c]" started-at="2022-08-29T11:27:00 WIB" name="setUpClass" finished-at="2022-08-29T11:27:00 WIB" duration-ms="893" status="PASS">
          <reporter-output>
          </reporter-output>
        </test-method> <!-- setUpClass -->
        <test-method signature="runScenario(io.cucumber.testng.PickleWrapper, io.cucumber.testng.FeatureWrapper)[pri:0, instance:runner.runnerMaster@2e55dd0c]" started-at="2022-08-29T11:27:01 WIB" name="runScenario" description="Runs Cucumber Scenarios" data-provider="scenarios" finished-at="2022-08-29T11:27:01 WIB" duration-ms="433" status="PASS">
          <params>
            <param index="0">
              <value>
                <![CDATA["Periksa string palindrome"]]>
              </value>
            </param>
            <param index="1">
              <value>
                <![CDATA["Check string palindrome"]]>
              </value>
            </param>
          </params>
          <reporter-output>
          </reporter-output>
        </test-method> <!-- runScenario -->
        <test-method signature="runScenario(io.cucumber.testng.PickleWrapper, io.cucumber.testng.FeatureWrapper)[pri:0, instance:runner.runnerMaster@2e55dd0c]" started-at="2022-08-29T11:27:01 WIB" name="runScenario" description="Runs Cucumber Scenarios" data-provider="scenarios" finished-at="2022-08-29T11:27:01 WIB" duration-ms="26" status="PASS">
          <params>
            <param index="0">
              <value>
                <![CDATA["Periksa string palindrome"]]>
              </value>
            </param>
            <param index="1">
              <value>
                <![CDATA["Check string palindrome"]]>
              </value>
            </param>
          </params>
          <reporter-output>
          </reporter-output>
        </test-method> <!-- runScenario -->
        <test-method signature="runScenario(io.cucumber.testng.PickleWrapper, io.cucumber.testng.FeatureWrapper)[pri:0, instance:runner.runnerMaster@2e55dd0c]" started-at="2022-08-29T11:27:01 WIB" name="runScenario" description="Runs Cucumber Scenarios" data-provider="scenarios" finished-at="2022-08-29T11:27:01 WIB" duration-ms="58" status="PASS">
          <params>
            <param index="0">
              <value>
                <![CDATA["Periksa string palindrome"]]>
              </value>
            </param>
            <param index="1">
              <value>
                <![CDATA["Check string palindrome"]]>
              </value>
            </param>
          </params>
          <reporter-output>
          </reporter-output>
        </test-method> <!-- runScenario -->
        <test-method signature="runScenario(io.cucumber.testng.PickleWrapper, io.cucumber.testng.FeatureWrapper)[pri:0, instance:runner.runnerMaster@2e55dd0c]" started-at="2022-08-29T11:27:01 WIB" name="runScenario" description="Runs Cucumber Scenarios" data-provider="scenarios" finished-at="2022-08-29T11:27:01 WIB" duration-ms="36" status="PASS">
          <params>
            <param index="0">
              <value>
                <![CDATA["Periksa string palindrome"]]>
              </value>
            </param>
            <param index="1">
              <value>
                <![CDATA["Check string palindrome"]]>
              </value>
            </param>
          </params>
          <reporter-output>
          </reporter-output>
        </test-method> <!-- runScenario -->
        <test-method signature="runScenario(io.cucumber.testng.PickleWrapper, io.cucumber.testng.FeatureWrapper)[pri:0, instance:runner.runnerMaster@2e55dd0c]" started-at="2022-08-29T11:27:01 WIB" name="runScenario" description="Runs Cucumber Scenarios" data-provider="scenarios" finished-at="2022-08-29T11:27:33 WIB" duration-ms="31695" status="PASS">
          <params>
            <param index="0">
              <value>
                <![CDATA["Periksa produk ditokopedia"]]>
              </value>
            </param>
            <param index="1">
              <value>
                <![CDATA["Check stok produk Tokopedia"]]>
              </value>
            </param>
          </params>
          <reporter-output>
          </reporter-output>
        </test-method> <!-- runScenario -->
        <test-method is-config="true" signature="tearDownClass()[pri:0, instance:runner.runnerMaster@2e55dd0c]" started-at="2022-08-29T11:27:33 WIB" name="tearDownClass" finished-at="2022-08-29T11:27:33 WIB" duration-ms="283" status="PASS">
          <reporter-output>
          </reporter-output>
        </test-method> <!-- tearDownClass -->
      </class> <!-- runner.runnerMaster -->
    </test> <!-- Default test -->
  </suite> <!-- Default suite -->
</testng-results>
